<?xml version="1.0" encoding="UTF-8"?>
<testng-results ignored="0" total="2" passed="2" failed="0" skipped="0">
  <reporter-output>
    <line>
      <![CDATA[Launching Browser]]>
    </line>
    <line>
      <![CDATA[TC validateUserID Success...]]>
    </line>
    <line>
      <![CDATA[TC validateAccBalance Success...]]>
    </line>
  </reporter-output>
  <suite started-at="2022-12-22T11:19:51 IST" name="Suite" finished-at="2022-12-22T11:21:21 IST" duration-ms="90003">
    <groups>
    </groups>
    <test started-at="2022-12-22T11:19:51 IST" name="Test" finished-at="2022-12-22T11:21:21 IST" duration-ms="90003">
      <class name="neoStoxTest.ValidateNeoStoxAccBalanceNew">
        <test-method is-config="true" signature="launchNeoStox()[pri:0, instance:neoStoxTest.ValidateNeoStoxAccBalanceNew@6c1a5b54]" started-at="2022-12-22T11:19:51 IST" name="launchNeoStox" finished-at="2022-12-22T11:20:18 IST" duration-ms="27408" status="PASS">
          <reporter-output>
            <line>
              <![CDATA[Launching Browser]]>
            </line>
          </reporter-output>
        </test-method> <!-- launchNeoStox -->
        <test-method is-config="true" signature="logintoNeoStox()[pri:0, instance:neoStoxTest.ValidateNeoStoxAccBalanceNew@6c1a5b54]" started-at="2022-12-22T11:20:18 IST" name="logintoNeoStox" finished-at="2022-12-22T11:20:50 IST" duration-ms="31470" status="PASS">
          <reporter-output>
          </reporter-output>
        </test-method> <!-- logintoNeoStox -->
        <test-method signature="validateUserID()[pri:-1, instance:neoStoxTest.ValidateNeoStoxAccBalanceNew@6c1a5b54]" started-at="2022-12-22T11:20:50 IST" name="validateUserID" finished-at="2022-12-22T11:20:52 IST" duration-ms="1937" status="PASS">
          <reporter-output>
            <line>
              <![CDATA[TC validateUserID Success...]]>
            </line>
          </reporter-output>
        </test-method> <!-- validateUserID -->
        <test-method is-config="true" signature="logOutFromNeoStox()[pri:0, instance:neoStoxTest.ValidateNeoStoxAccBalanceNew@6c1a5b54]" started-at="2022-12-22T11:20:52 IST" name="logOutFromNeoStox" finished-at="2022-12-22T11:20:52 IST" duration-ms="369" status="PASS">
          <reporter-output>
          </reporter-output>
        </test-method> <!-- logOutFromNeoStox -->
        <test-method is-config="true" signature="logintoNeoStox()[pri:0, instance:neoStoxTest.ValidateNeoStoxAccBalanceNew@6c1a5b54]" started-at="2022-12-22T11:20:52 IST" name="logintoNeoStox" finished-at="2022-12-22T11:21:04 IST" duration-ms="12188" status="PASS">
          <reporter-output>
          </reporter-output>
        </test-method> <!-- logintoNeoStox -->
        <test-method signature="validateAccBalance()[pri:0, instance:neoStoxTest.ValidateNeoStoxAccBalanceNew@6c1a5b54]" started-at="2022-12-22T11:21:04 IST" name="validateAccBalance" finished-at="2022-12-22T11:21:04 IST" duration-ms="77" status="PASS">
          <reporter-output>
            <line>
              <![CDATA[TC validateAccBalance Success...]]>
            </line>
          </reporter-output>
        </test-method> <!-- validateAccBalance -->
        <test-method is-config="true" signature="logOutFromNeoStox()[pri:0, instance:neoStoxTest.ValidateNeoStoxAccBalanceNew@6c1a5b54]" started-at="2022-12-22T11:21:04 IST" name="logOutFromNeoStox" finished-at="2022-12-22T11:21:04 IST" duration-ms="141" status="PASS">
          <reporter-output>
          </reporter-output>
        </test-method> <!-- logOutFromNeoStox -->
        <test-method is-config="true" signature="closeBrowser()[pri:0, instance:neoStoxTest.ValidateNeoStoxAccBalanceNew@6c1a5b54]" started-at="2022-12-22T11:21:04 IST" name="closeBrowser" finished-at="2022-12-22T11:21:21 IST" duration-ms="16339" status="PASS">
          <reporter-output>
          </reporter-output>
        </test-method> <!-- closeBrowser -->
      </class> <!-- neoStoxTest.ValidateNeoStoxAccBalanceNew -->
    </test> <!-- Test -->
  </suite> <!-- Suite -->
</testng-results>
