<?xml version="1.0" encoding="UTF-8"?>
<testng-results ignored="0" total="2" passed="1" failed="1" skipped="0">
  <reporter-output>
    <line>
      <![CDATA[Readingurlfrom property file]]>
    </line>
    <line>
      <![CDATA[Launching Browser]]>
    </line>
    <line>
      <![CDATA[Waiting for1000ms]]>
    </line>
    <line>
      <![CDATA[Clicking on Sign In Button]]>
    </line>
    <line>
      <![CDATA[ReadingmobileNumfrom property file]]>
    </line>
    <line>
      <![CDATA[Waiting for1000ms]]>
    </line>
    <line>
      <![CDATA[Entering Mobile Number]]>
    </line>
    <line>
      <![CDATA[Waiting for1000ms]]>
    </line>
    <line>
      <![CDATA[Clicking on SignIn Button]]>
    </line>
    <line>
      <![CDATA[Waiting for1000ms]]>
    </line>
    <line>
      <![CDATA[Readingpasswordfrom property file]]>
    </line>
    <line>
      <![CDATA[Waiting for3000ms]]>
    </line>
    <line>
      <![CDATA[Entering Password]]>
    </line>
    <line>
      <![CDATA[Waiting for3000ms]]>
    </line>
    <line>
      <![CDATA[Clicking on Submit Button]]>
    </line>
    <line>
      <![CDATA[Waiting for1000ms]]>
    </line>
    <line>
      <![CDATA[Handling PopUp]]>
    </line>
    <line>
      <![CDATA[Clicking on ok button of popup]]>
    </line>
    <line>
      <![CDATA[Waiting for1000ms]]>
    </line>
    <line>
      <![CDATA[Clcking on close button of popoup]]>
    </line>
    <line>
      <![CDATA[Waiting for1000ms]]>
    </line>
    <line>
      <![CDATA[Getting Actual Username]]>
    </line>
    <line>
      <![CDATA[Actual User name is :Tejaswini Bendre]]>
    </line>
    <line>
      <![CDATA[ReadinguserNamefrom property file]]>
    </line>
    <line>
      <![CDATA[TC validateUserID Success...]]>
    </line>
    <line>
      <![CDATA[Waiting for1000ms]]>
    </line>
    <line>
      <![CDATA[Waiting for1000ms]]>
    </line>
    <line>
      <![CDATA[Logging Out]]>
    </line>
    <line>
      <![CDATA[Waiting for1000ms]]>
    </line>
    <line>
      <![CDATA[Clicking on Sign In Button]]>
    </line>
    <line>
      <![CDATA[ReadingmobileNumfrom property file]]>
    </line>
    <line>
      <![CDATA[Waiting for1000ms]]>
    </line>
    <line>
      <![CDATA[Entering Mobile Number]]>
    </line>
    <line>
      <![CDATA[Waiting for1000ms]]>
    </line>
    <line>
      <![CDATA[Clicking on SignIn Button]]>
    </line>
    <line>
      <![CDATA[Waiting for1000ms]]>
    </line>
    <line>
      <![CDATA[Readingpasswordfrom property file]]>
    </line>
    <line>
      <![CDATA[Waiting for3000ms]]>
    </line>
    <line>
      <![CDATA[Entering Password]]>
    </line>
    <line>
      <![CDATA[Waiting for3000ms]]>
    </line>
    <line>
      <![CDATA[Clicking on Submit Button]]>
    </line>
    <line>
      <![CDATA[Threre is no popup]]>
    </line>
    <line>
      <![CDATA[Waiting for1000ms]]>
    </line>
    <line>
      <![CDATA[Getting Account Balance]]>
    </line>
    <line>
      <![CDATA[Account Balance is:    Rs.5,00,000.00]]>
    </line>
    <line>
      <![CDATA[Tc validateAccBalance Failed please try again...]]>
    </line>
    <line>
      <![CDATA[Waiting for500ms]]>
    </line>
    <line>
      <![CDATA[Taking ScreenShot]]>
    </line>
    <line>
      <![CDATA[Waiting for1000ms]]>
    </line>
    <line>
      <![CDATA[Waiting for1000ms]]>
    </line>
    <line>
      <![CDATA[Logging Out]]>
    </line>
    <line>
      <![CDATA[Closing browser]]>
    </line>
  </reporter-output>
  <suite started-at="2022-12-06T14:20:59 IST" name="Default suite" finished-at="2022-12-06T14:21:45 IST" duration-ms="46023">
    <groups>
    </groups>
    <test started-at="2022-12-06T14:20:59 IST" name="Default test" finished-at="2022-12-06T14:21:45 IST" duration-ms="46023">
      <class name="neoStoxTest.ValidateNeoStoxAccBalanceNew">
        <test-method is-config="true" signature="launchNeoStox()[pri:0, instance:neoStoxTest.ValidateNeoStoxAccBalanceNew@7bab3f1a]" started-at="2022-12-06T14:20:59 IST" name="launchNeoStox" finished-at="2022-12-06T14:21:13 IST" duration-ms="13951" status="PASS">
          <reporter-output>
            <line>
              <![CDATA[Readingurlfrom property file]]>
            </line>
            <line>
              <![CDATA[Launching Browser]]>
            </line>
          </reporter-output>
        </test-method> <!-- launchNeoStox -->
        <test-method is-config="true" signature="logintoNeoStox()[pri:0, instance:neoStoxTest.ValidateNeoStoxAccBalanceNew@7bab3f1a]" started-at="2022-12-06T14:21:13 IST" name="logintoNeoStox" finished-at="2022-12-06T14:21:30 IST" duration-ms="16844" status="PASS">
          <reporter-output>
            <line>
              <![CDATA[Waiting for1000ms]]>
            </line>
            <line>
              <![CDATA[Clicking on Sign In Button]]>
            </line>
            <line>
              <![CDATA[ReadingmobileNumfrom property file]]>
            </line>
            <line>
              <![CDATA[Waiting for1000ms]]>
            </line>
            <line>
              <![CDATA[Entering Mobile Number]]>
            </line>
            <line>
              <![CDATA[Waiting for1000ms]]>
            </line>
            <line>
              <![CDATA[Clicking on SignIn Button]]>
            </line>
            <line>
              <![CDATA[Waiting for1000ms]]>
            </line>
            <line>
              <![CDATA[Readingpasswordfrom property file]]>
            </line>
            <line>
              <![CDATA[Waiting for3000ms]]>
            </line>
            <line>
              <![CDATA[Entering Password]]>
            </line>
            <line>
              <![CDATA[Waiting for3000ms]]>
            </line>
            <line>
              <![CDATA[Clicking on Submit Button]]>
            </line>
            <line>
              <![CDATA[Waiting for1000ms]]>
            </line>
            <line>
              <![CDATA[Handling PopUp]]>
            </line>
            <line>
              <![CDATA[Clicking on ok button of popup]]>
            </line>
            <line>
              <![CDATA[Waiting for1000ms]]>
            </line>
            <line>
              <![CDATA[Clcking on close button of popoup]]>
            </line>
          </reporter-output>
        </test-method> <!-- logintoNeoStox -->
        <test-method signature="validateUserID()[pri:-1, instance:neoStoxTest.ValidateNeoStoxAccBalanceNew@7bab3f1a]" started-at="2022-12-06T14:21:30 IST" name="validateUserID" finished-at="2022-12-06T14:21:30 IST" duration-ms="53" status="PASS">
          <reporter-output>
            <line>
              <![CDATA[Waiting for1000ms]]>
            </line>
            <line>
              <![CDATA[Getting Actual Username]]>
            </line>
            <line>
              <![CDATA[Actual User name is :Tejaswini Bendre]]>
            </line>
            <line>
              <![CDATA[ReadinguserNamefrom property file]]>
            </line>
            <line>
              <![CDATA[TC validateUserID Success...]]>
            </line>
          </reporter-output>
        </test-method> <!-- validateUserID -->
        <test-method is-config="true" signature="logOutFromNeoStox()[pri:0, instance:neoStoxTest.ValidateNeoStoxAccBalanceNew@7bab3f1a]" started-at="2022-12-06T14:21:30 IST" name="logOutFromNeoStox" finished-at="2022-12-06T14:21:30 IST" duration-ms="139" status="PASS">
          <reporter-output>
            <line>
              <![CDATA[Waiting for1000ms]]>
            </line>
            <line>
              <![CDATA[Waiting for1000ms]]>
            </line>
            <line>
              <![CDATA[Logging Out]]>
            </line>
          </reporter-output>
        </test-method> <!-- logOutFromNeoStox -->
        <test-method is-config="true" signature="logintoNeoStox()[pri:0, instance:neoStoxTest.ValidateNeoStoxAccBalanceNew@7bab3f1a]" started-at="2022-12-06T14:21:30 IST" name="logintoNeoStox" finished-at="2022-12-06T14:21:44 IST" duration-ms="14138" status="PASS">
          <reporter-output>
            <line>
              <![CDATA[Waiting for1000ms]]>
            </line>
            <line>
              <![CDATA[Clicking on Sign In Button]]>
            </line>
            <line>
              <![CDATA[ReadingmobileNumfrom property file]]>
            </line>
            <line>
              <![CDATA[Waiting for1000ms]]>
            </line>
            <line>
              <![CDATA[Entering Mobile Number]]>
            </line>
            <line>
              <![CDATA[Waiting for1000ms]]>
            </line>
            <line>
              <![CDATA[Clicking on SignIn Button]]>
            </line>
            <line>
              <![CDATA[Waiting for1000ms]]>
            </line>
            <line>
              <![CDATA[Readingpasswordfrom property file]]>
            </line>
            <line>
              <![CDATA[Waiting for3000ms]]>
            </line>
            <line>
              <![CDATA[Entering Password]]>
            </line>
            <line>
              <![CDATA[Waiting for3000ms]]>
            </line>
            <line>
              <![CDATA[Clicking on Submit Button]]>
            </line>
            <line>
              <![CDATA[Threre is no popup]]>
            </line>
          </reporter-output>
        </test-method> <!-- logintoNeoStox -->
        <test-method signature="validateAccBalance()[pri:0, instance:neoStoxTest.ValidateNeoStoxAccBalanceNew@7bab3f1a]" started-at="2022-12-06T14:21:44 IST" name="validateAccBalance" finished-at="2022-12-06T14:21:44 IST" duration-ms="77" status="FAIL">
          <exception class="java.lang.AssertionError">
            <message>
              <![CDATA[null]]>
            </message>
            <full-stacktrace>
              <![CDATA[java.lang.AssertionError: null
at org.testng.Assert.fail(Assert.java:99)
at org.testng.Assert.fail(Assert.java:106)
at neoStoxTest.ValidateNeoStoxAccBalanceNew.validateAccBalance(ValidateNeoStoxAccBalanceNew.java:66)
at java.base/jdk.internal.reflect.NativeMethodAccessorImpl.invoke0(Native Method)
at java.base/jdk.internal.reflect.NativeMethodAccessorImpl.invoke(NativeMethodAccessorImpl.java:62)
at java.base/jdk.internal.reflect.DelegatingMethodAccessorImpl.invoke(DelegatingMethodAccessorImpl.java:43)
at java.base/java.lang.reflect.Method.invoke(Method.java:566)
at org.testng.internal.MethodInvocationHelper.invokeMethod(MethodInvocationHelper.java:133)
at org.testng.internal.TestInvoker.invokeMethod(TestInvoker.java:598)
at org.testng.internal.TestInvoker.invokeTestMethod(TestInvoker.java:173)
at org.testng.internal.MethodRunner.runInSequence(MethodRunner.java:46)
at org.testng.internal.TestInvoker$MethodInvocationAgent.invoke(TestInvoker.java:824)
at org.testng.internal.TestInvoker.invokeTestMethods(TestInvoker.java:146)
at org.testng.internal.TestMethodWorker.invokeTestMethods(TestMethodWorker.java:146)
at org.testng.internal.TestMethodWorker.run(TestMethodWorker.java:128)
at java.base/java.util.ArrayList.forEach(ArrayList.java:1541)
at org.testng.TestRunner.privateRun(TestRunner.java:794)
at org.testng.TestRunner.run(TestRunner.java:596)
at org.testng.SuiteRunner.runTest(SuiteRunner.java:377)
at org.testng.SuiteRunner.runSequentially(SuiteRunner.java:371)
at org.testng.SuiteRunner.privateRun(SuiteRunner.java:332)
at org.testng.SuiteRunner.run(SuiteRunner.java:276)
at org.testng.SuiteRunnerWorker.runSuite(SuiteRunnerWorker.java:53)
at org.testng.SuiteRunnerWorker.run(SuiteRunnerWorker.java:96)
at org.testng.TestNG.runSuitesSequentially(TestNG.java:1212)
at org.testng.TestNG.runSuitesLocally(TestNG.java:1134)
at org.testng.TestNG.runSuites(TestNG.java:1063)
at org.testng.TestNG.run(TestNG.java:1031)
at org.testng.remote.AbstractRemoteTestNG.run(AbstractRemoteTestNG.java:115)
at org.testng.remote.RemoteTestNG.initAndRun(RemoteTestNG.java:251)
at org.testng.remote.RemoteTestNG.main(RemoteTestNG.java:77)
]]>
            </full-stacktrace>
          </exception> <!-- java.lang.AssertionError -->
          <reporter-output>
            <line>
              <![CDATA[Waiting for1000ms]]>
            </line>
            <line>
              <![CDATA[Getting Account Balance]]>
            </line>
            <line>
              <![CDATA[Account Balance is:    Rs.5,00,000.00]]>
            </line>
            <line>
              <![CDATA[Tc validateAccBalance Failed please try again...]]>
            </line>
            <line>
              <![CDATA[Waiting for500ms]]>
            </line>
            <line>
              <![CDATA[Taking ScreenShot]]>
            </line>
          </reporter-output>
        </test-method> <!-- validateAccBalance -->
        <test-method is-config="true" signature="logOutFromNeoStox()[pri:0, instance:neoStoxTest.ValidateNeoStoxAccBalanceNew@7bab3f1a]" started-at="2022-12-06T14:21:45 IST" name="logOutFromNeoStox" finished-at="2022-12-06T14:21:45 IST" duration-ms="142" status="PASS">
          <reporter-output>
            <line>
              <![CDATA[Waiting for1000ms]]>
            </line>
            <line>
              <![CDATA[Waiting for1000ms]]>
            </line>
            <line>
              <![CDATA[Logging Out]]>
            </line>
          </reporter-output>
        </test-method> <!-- logOutFromNeoStox -->
        <test-method is-config="true" signature="closeBrowser()[pri:0, instance:neoStoxTest.ValidateNeoStoxAccBalanceNew@7bab3f1a]" started-at="2022-12-06T14:21:45 IST" name="closeBrowser" finished-at="2022-12-06T14:21:45 IST" duration-ms="462" status="PASS">
          <reporter-output>
            <line>
              <![CDATA[Closing browser]]>
            </line>
          </reporter-output>
        </test-method> <!-- closeBrowser -->
      </class> <!-- neoStoxTest.ValidateNeoStoxAccBalanceNew -->
    </test> <!-- Default test -->
  </suite> <!-- Default suite -->
</testng-results>
